<?xml version="1.0" encoding="UTF-8"?>
<testsuite xmlns:xsi="http://www.w3.org/2001/XMLSchema-instance" xsi:noNamespaceSchemaLocation="https://maven.apache.org/surefire/maven-surefire-plugin/xsd/surefire-test-report.xsd" name="com.testtask.symbolcounter.service.SymbolCounterServiceTest" time="0.001" tests="3" errors="0" skipped="0" failures="0">
  <properties>
[...]
</properties>
  <testcase name="getSymbolCount_ReturnsEmptyMap_WhenTextIsNull" classname="com.testtask.symbolcounter.service.SymbolCounterServiceTest" time="0"/>
  <testcase name="getSymbolCount_ReturnsExpectedResult_WhenTextIsValid" classname="com.testtask.symbolcounter.service.SymbolCounterServiceTest" time="0"/>
  <testcase name="getSymbolCount_ReturnsEmptyMap_WhenTextIsEmpty" classname="com.testtask.symbolcounter.service.SymbolCounterServiceTest" time="0.001"/>
</testsuite>